<?xml version="1.0" encoding="UTF-8"?>
<!-- Generated by org.testng.reporters.JUnitReportReporter -->
<testsuite skipped="0" hostname="EN610521" name="Test.Test_ViaTransilvanica_HomePage" tests="1" failures="0" timestamp="2020-04-27T15:04:11 EEST" time="1.610" errors="0">
  <testcase name="test_homePage_PlanDeContigentaBtn" time="1.610" classname="Test.Test_ViaTransilvanica_HomePage"/>
  <system-out/>
</testsuite> <!-- Test.Test_ViaTransilvanica_HomePage -->
