<?xml version="1.0" encoding="UTF-8"?>
<!-- Generated by org.testng.reporters.JUnitReportReporter -->
<testsuite skipped="0" hostname="EN610521" name="Test.Test_ViaTransilvanica_2" tests="1" failures="0" timestamp="2020-04-28T11:52:26 EEST" time="7.905" errors="0">
  <testcase name="test_AchizitioneazaBorna" time="7.905" classname="Test.Test_ViaTransilvanica_2"/>
  <system-out/>
</testsuite> <!-- Test.Test_ViaTransilvanica_2 -->
