<?xml version="1.0" encoding="UTF-8"?>
<!-- Generated by org.testng.reporters.JUnitReportReporter -->
<testsuite skipped="0" hostname="EN610521" name="Test.Test_ViaTransilvanica" tests="1" failures="0" timestamp="2020-04-28T11:49:49 EEST" time="7.169" errors="0">
  <testcase name="test_contribuie_suma" time="7.169" classname="Test.Test_ViaTransilvanica"/>
  <system-out/>
</testsuite> <!-- Test.Test_ViaTransilvanica -->
